[log] Writing full output to: D:\Fanfiction-Finder\backend\logs\indexer-20260416-134329-25700.log
[log] Started at 2026-04-16T13:43:29.576930
[log] argv: ['D:\\Fanfiction-Finder\\backend\\indexer.py', 'Naruto', '--sources', 'ao3,ffn,wattpad', '--min-words', '10000']
Database initialized.
[migrate] Embedding column already 768 dims — no migration needed.

==================================================
Indexing: Naruto (min 10,000 words, sources=['ao3', 'ffn', 'wattpad'])
==================================================

[AO3] Fetching page 1: https://archiveofourown.org/works?commit=Sort+and+Filter&work_search%5Bsort_column%5D=kudos_count&work_search%5Bother_tag_names%5D=&work_search%5Bexcluded_tag_names%5D=&work_search%5Bcrossover%5D=&work_search%5Bcomplete%5D=&work_search%5Bwords_from%5D=10000&work_search%5Bwords_to%5D=&work_search%5Bdate_from%5D=&work_search%5Bdate_to%5D=&work_search%5Bquery%5D=&work_search%5Blanguage_id%5D=&page=1&tag_id=Naruto+(Anime+*a*+Manga)
[AO3] Waiting 15s — click through any interstitial now...
[AO3] Page 1: scraped 20 fics — embedding now...
  Embedded batch 1/1
  [local] Saved 20 fics to local storage

[AO3] Fetching page 2: https://archiveofourown.org/works?commit=Sort+and+Filter&work_search%5Bsort_column%5D=kudos_count&work_search%5Bother_tag_names%5D=&work_search%5Bexcluded_tag_names%5D=&work_search%5Bcrossover%5D=&work_search%5Bcomplete%5D=&work_search%5Bwords_from%5D=10000&work_search%5Bwords_to%5D=&work_search%5Bdate_from%5D=&work_search%5Bdate_to%5D=&work_search%5Bquery%5D=&work_search%5Blanguage_id%5D=&page=2&tag_id=Naruto+(Anime+*a*+Manga)
[AO3] Page 2: scraped 20 fics — embedding now...
  Embedded batch 1/1
  [local] Saved 20 fics to local storage

[AO3] Fetching page 3: https://archiveofourown.org/works?commit=Sort+and+Filter&work_search%5Bsort_column%5D=kudos_count&work_search%5Bother_tag_names%5D=&work_search%5Bexcluded_tag_names%5D=&work_search%5Bcrossover%5D=&work_search%5Bcomplete%5D=&work_search%5Bwords_from%5D=10000&work_search%5Bwords_to%5D=&work_search%5Bdate_from%5D=&work_search%5Bdate_to%5D=&work_search%5Bquery%5D=&work_search%5Blanguage_id%5D=&page=3&tag_id=Naruto+(Anime+*a*+Manga)
[AO3] Page 3: scraped 20 fics — embedding now...
  Embedded batch 1/1
  [local] Saved 20 fics to local storage

[AO3] Fetching page 4: https://archiveofourown.org/works?commit=Sort+and+Filter&work_search%5Bsort_column%5D=kudos_count&work_search%5Bother_tag_names%5D=&work_search%5Bexcluded_tag_names%5D=&work_search%5Bcrossover%5D=&work_search%5Bcomplete%5D=&work_search%5Bwords_from%5D=10000&work_search%5Bwords_to%5D=&work_search%5Bdate_from%5D=&work_search%5Bdate_to%5D=&work_search%5Bquery%5D=&work_search%5Blanguage_id%5D=&page=4&tag_id=Naruto+(Anime+*a*+Manga)
[AO3] Page 4: scraped 20 fics — embedding now...
  Embedded batch 1/1
  [local] Saved 20 fics to local storage

[AO3] Fetching page 5: https://archiveofourown.org/works?commit=Sort+and+Filter&work_search%5Bsort_column%5D=kudos_count&work_search%5Bother_tag_names%5D=&work_search%5Bexcluded_tag_names%5D=&work_search%5Bcrossover%5D=&work_search%5Bcomplete%5D=&work_search%5Bwords_from%5D=10000&work_search%5Bwords_to%5D=&work_search%5Bdate_from%5D=&work_search%5Bdate_to%5D=&work_search%5Bquery%5D=&work_search%5Blanguage_id%5D=&page=5&tag_id=Naruto+(Anime+*a*+Manga)
[AO3] Page 5: scraped 20 fics — embedding now...
  Embedded batch 1/1
  [local] Saved 20 fics to local storage

[AO3] Fetching page 6: https://archiveofourown.org/works?commit=Sort+and+Filter&work_search%5Bsort_column%5D=kudos_count&work_search%5Bother_tag_names%5D=&work_search%5Bexcluded_tag_names%5D=&work_search%5Bcrossover%5D=&work_search%5Bcomplete%5D=&work_search%5Bwords_from%5D=10000&work_search%5Bwords_to%5D=&work_search%5Bdate_from%5D=&work_search%5Bdate_to%5D=&work_search%5Bquery%5D=&work_search%5Blanguage_id%5D=&page=6&tag_id=Naruto+(Anime+*a*+Manga)
