[log] Writing full output to: D:\Fanfiction-Finder\backend\logs\indexer-20260419-164234-15852.log
[log] Started at 2026-04-19T16:42:34.012788
[log] argv: ['D:\\Fanfiction-Finder\\backend\\indexer.py', 'Attack on Titan', '--sources', 'ao3,ffn,wattpad', '--min-words', '10000']
Database initialized.
[migrate] Embedding column already 768 dims — no migration needed.

==================================================
Indexing: Attack on Titan (min 10,000 words, sources=['ao3', 'ffn', 'wattpad'])
==================================================
[AO3] Resuming Attack on Titan at page 583 (min_words=10,000)

[AO3] Fetching page 583: https://archiveofourown.org/works?commit=Sort+and+Filter&work_search%5Bsort_column%5D=kudos_count&work_search%5Bother_tag_names%5D=&work_search%5Bexcluded_tag_names%5D=&work_search%5Bcrossover%5D=&work_search%5Bcomplete%5D=&work_search%5Bwords_from%5D=10000&work_search%5Bwords_to%5D=&work_search%5Bdate_from%5D=&work_search%5Bdate_to%5D=&work_search%5Bquery%5D=&work_search%5Blanguage_id%5D=&page=583&tag_id=Shingeki+no+Kyojin+|+Attack+on+Titan
[AO3] Waiting 15s — click through any interstitial now...
[AO3] Page 583: scraped 20 fics — embedding now...
WARNING:ai.embedder:Retrying ai.embedder._embed_batch in 2 seconds as it raised ClientError: 429 RESOURCE_EXHAUSTED. {'error': {'code': 429, 'message': 'Your project has exceeded its monthly spending cap. Please go to AI Studio at https://ai.studio/spend to manage your project spend cap.', 'status': 'RESOURCE_EXHAUSTED'}}.
WARNING:ai.embedder:Retrying ai.embedder._embed_batch in 2 seconds as it raised ClientError: 429 RESOURCE_EXHAUSTED. {'error': {'code': 429, 'message': 'Your project has exceeded its monthly spending cap. Please go to AI Studio at https://ai.studio/spend to manage your project spend cap.', 'status': 'RESOURCE_EXHAUSTED'}}.
WARNING:ai.embedder:Retrying ai.embedder._embed_batch in 4 seconds as it raised ClientError: 429 RESOURCE_EXHAUSTED. {'error': {'code': 429, 'message': 'Your project has exceeded its monthly spending cap. Please go to AI Studio at https://ai.studio/spend to manage your project spend cap.', 'status': 'RESOURCE_EXHAUSTED'}}.
WARNING:ai.embedder:Retrying ai.embedder._embed_batch in 8 seconds as it raised ClientError: 429 RESOURCE_EXHAUSTED. {'error': {'code': 429, 'message': 'Your project has exceeded its monthly spending cap. Please go to AI Studio at https://ai.studio/spend to manage your project spend cap.', 'status': 'RESOURCE_EXHAUSTED'}}.

======================================================================
 SCRAPER CRASHED 
======================================================================
Traceback (most recent call last):
  File "D:\Fanfiction-Finder\backend\indexer.py", line 661, in <module>
    index_one(fandom, clear=should_clear, start_page=start_page,
  File "D:\Fanfiction-Finder\backend\indexer.py", line 496, in index_one
    index_fandom(fandom_name, clear=clear, start_page=start_page,
  File "D:\Fanfiction-Finder\backend\indexer.py", line 348, in index_fandom
    ao3_stored = _run_source(fandom_name, "ao3", session,
                 ^^^^^^^^^^^^^^^^^^^^^^^^^^^^^^^^^^^^^^^^
  File "D:\Fanfiction-Finder\backend\indexer.py", line 304, in _run_source
    return scrape_and_embed_ao3(fandom_name, session,
           ^^^^^^^^^^^^^^^^^^^^^^^^^^^^^^^^^^^^^^^^^^
  File "D:\Fanfiction-Finder\backend\indexer.py", line 182, in scrape_and_embed_ao3
    embeddings = embed_fics_batch(fics, fandom=fandom_name)
                 ^^^^^^^^^^^^^^^^^^^^^^^^^^^^^^^^^^^^^^^^^^
  File "D:\Fanfiction-Finder\backend\ai\embedder.py", line 140, in embed_fics_batch
    result = _embed_batch(batch)
             ^^^^^^^^^^^^^^^^^^^
  File "C:\Users\notcr\AppData\Local\Packages\PythonSoftwareFoundation.Python.3.12_qbz5n2kfra8p0\LocalCache\local-packages\Python312\site-packages\tenacity\__init__.py", line 331, in wrapped_f
    return copy(f, *args, **kw)
           ^^^^^^^^^^^^^^^^^^^^
  File "C:\Users\notcr\AppData\Local\Packages\PythonSoftwareFoundation.Python.3.12_qbz5n2kfra8p0\LocalCache\local-packages\Python312\site-packages\tenacity\__init__.py", line 470, in __call__
    do = self.iter(retry_state=retry_state)
         ^^^^^^^^^^^^^^^^^^^^^^^^^^^^^^^^^^
  File "C:\Users\notcr\AppData\Local\Packages\PythonSoftwareFoundation.Python.3.12_qbz5n2kfra8p0\LocalCache\local-packages\Python312\site-packages\tenacity\__init__.py", line 371, in iter
    result = action(retry_state)
             ^^^^^^^^^^^^^^^^^^^
  File "C:\Users\notcr\AppData\Local\Packages\PythonSoftwareFoundation.Python.3.12_qbz5n2kfra8p0\LocalCache\local-packages\Python312\site-packages\tenacity\__init__.py", line 413, in exc_check
    raise retry_exc.reraise()
          ^^^^^^^^^^^^^^^^^^^
  File "C:\Users\notcr\AppData\Local\Packages\PythonSoftwareFoundation.Python.3.12_qbz5n2kfra8p0\LocalCache\local-packages\Python312\site-packages\tenacity\__init__.py", line 184, in reraise
    raise self.last_attempt.result()
          ^^^^^^^^^^^^^^^^^^^^^^^^^^
  File "C:\Program Files\WindowsApps\PythonSoftwareFoundation.Python.3.12_3.12.2800.0_x64__qbz5n2kfra8p0\Lib\concurrent\futures\_base.py", line 449, in result
    return self.__get_result()
           ^^^^^^^^^^^^^^^^^^^
  File "C:\Program Files\WindowsApps\PythonSoftwareFoundation.Python.3.12_3.12.2800.0_x64__qbz5n2kfra8p0\Lib\concurrent\futures\_base.py", line 401, in __get_result
    raise self._exception
  File "C:\Users\notcr\AppData\Local\Packages\PythonSoftwareFoundation.Python.3.12_qbz5n2kfra8p0\LocalCache\local-packages\Python312\site-packages\tenacity\__init__.py", line 473, in __call__
    result = fn(*args, **kwargs)
             ^^^^^^^^^^^^^^^^^^^
  File "D:\Fanfiction-Finder\backend\ai\embedder.py", line 66, in _embed_batch
    return client.models.embed_content(
           ^^^^^^^^^^^^^^^^^^^^^^^^^^^^
  File "C:\Users\notcr\AppData\Local\Packages\PythonSoftwareFoundation.Python.3.12_qbz5n2kfra8p0\LocalCache\local-packages\Python312\site-packages\google\genai\models.py", line 5725, in embed_content
    return self._embed_content(model=model, contents=contents, config=config)
           ^^^^^^^^^^^^^^^^^^^^^^^^^^^^^^^^^^^^^^^^^^^^^^^^^^^^^^^^^^^^^^^^^^
  File "C:\Users\notcr\AppData\Local\Packages\PythonSoftwareFoundation.Python.3.12_qbz5n2kfra8p0\LocalCache\local-packages\Python312\site-packages\google\genai\models.py", line 4725, in _embed_content
    response = self._api_client.request(
               ^^^^^^^^^^^^^^^^^^^^^^^^^
  File "C:\Users\notcr\AppData\Local\Packages\PythonSoftwareFoundation.Python.3.12_qbz5n2kfra8p0\LocalCache\local-packages\Python312\site-packages\google\genai\_api_client.py", line 1402, in request
    response = self._request(http_request, http_options, stream=False)
               ^^^^^^^^^^^^^^^^^^^^^^^^^^^^^^^^^^^^^^^^^^^^^^^^^^^^^^^
  File "C:\Users\notcr\AppData\Local\Packages\PythonSoftwareFoundation.Python.3.12_qbz5n2kfra8p0\LocalCache\local-packages\Python312\site-packages\google\genai\_api_client.py", line 1238, in _request
    return self._retry(self._request_once, http_request, stream)  # type: ignore[no-any-return]
           ^^^^^^^^^^^^^^^^^^^^^^^^^^^^^^^^^^^^^^^^^^^^^^^^^^^^^
  File "C:\Users\notcr\AppData\Local\Packages\PythonSoftwareFoundation.Python.3.12_qbz5n2kfra8p0\LocalCache\local-packages\Python312\site-packages\tenacity\__init__.py", line 470, in __call__
    do = self.iter(retry_state=retry_state)
         ^^^^^^^^^^^^^^^^^^^^^^^^^^^^^^^^^^
  File "C:\Users\notcr\AppData\Local\Packages\PythonSoftwareFoundation.Python.3.12_qbz5n2kfra8p0\LocalCache\local-packages\Python312\site-packages\tenacity\__init__.py", line 371, in iter
    result = action(retry_state)
             ^^^^^^^^^^^^^^^^^^^
  File "C:\Users\notcr\AppData\Local\Packages\PythonSoftwareFoundation.Python.3.12_qbz5n2kfra8p0\LocalCache\local-packages\Python312\site-packages\tenacity\__init__.py", line 413, in exc_check
    raise retry_exc.reraise()
          ^^^^^^^^^^^^^^^^^^^
  File "C:\Users\notcr\AppData\Local\Packages\PythonSoftwareFoundation.Python.3.12_qbz5n2kfra8p0\LocalCache\local-packages\Python312\site-packages\tenacity\__init__.py", line 184, in reraise
    raise self.last_attempt.result()
          ^^^^^^^^^^^^^^^^^^^^^^^^^^
  File "C:\Program Files\WindowsApps\PythonSoftwareFoundation.Python.3.12_3.12.2800.0_x64__qbz5n2kfra8p0\Lib\concurrent\futures\_base.py", line 449, in result
    return self.__get_result()
           ^^^^^^^^^^^^^^^^^^^
  File "C:\Program Files\WindowsApps\PythonSoftwareFoundation.Python.3.12_3.12.2800.0_x64__qbz5n2kfra8p0\Lib\concurrent\futures\_base.py", line 401, in __get_result
    raise self._exception
  File "C:\Users\notcr\AppData\Local\Packages\PythonSoftwareFoundation.Python.3.12_qbz5n2kfra8p0\LocalCache\local-packages\Python312\site-packages\tenacity\__init__.py", line 473, in __call__
    result = fn(*args, **kwargs)
             ^^^^^^^^^^^^^^^^^^^
  File "C:\Users\notcr\AppData\Local\Packages\PythonSoftwareFoundation.Python.3.12_qbz5n2kfra8p0\LocalCache\local-packages\Python312\site-packages\google\genai\_api_client.py", line 1215, in _request_once
    errors.APIError.raise_for_response(response)
  File "C:\Users\notcr\AppData\Local\Packages\PythonSoftwareFoundation.Python.3.12_qbz5n2kfra8p0\LocalCache\local-packages\Python312\site-packages\google\genai\errors.py", line 134, in raise_for_response
    cls.raise_error(response.status_code, response_json, response)
  File "C:\Users\notcr\AppData\Local\Packages\PythonSoftwareFoundation.Python.3.12_qbz5n2kfra8p0\LocalCache\local-packages\Python312\site-packages\google\genai\errors.py", line 159, in raise_error
    raise ClientError(status_code, response_json, response)
google.genai.errors.ClientError: 429 RESOURCE_EXHAUSTED. {'error': {'code': 429, 'message': 'Your project has exceeded its monthly spending cap. Please go to AI Studio at https://ai.studio/spend to manage your project spend cap.', 'status': 'RESOURCE_EXHAUSTED'}}
======================================================================
 Full log: D:\Fanfiction-Finder\backend\logs\indexer-20260419-164234-15852.log
 Exception: ClientError: 429 RESOURCE_EXHAUSTED. {'error': {'code': 429, 'message': 'Your project has exceeded its monthly spending cap. Please go to AI Studio at https://ai.studio/spend to manage your project spend cap.', 'status': 'RESOURCE_EXHAUSTED'}}
======================================================================

Press Enter to close this window...
