[log] Writing full output to: D:\Fanfiction-Finder\backend\logs\indexer-20260418-220528-30864.log
[log] Started at 2026-04-18T22:05:28.083723
[log] argv: ['D:\\Fanfiction-Finder\\backend\\indexer.py', 'Genshin Impact', '--sources', 'ffn,wattpad', '--min-words', '10000', '--wattpad-quality', '-2']
Database initialized.
[migrate] Embedding column already 768 dims — no migration needed.

==================================================
Indexing: Genshin Impact (min 10,000 words, sources=['ffn', 'wattpad'])
==================================================

[FFN] Fetching page 1 (40k-100k): https://www.fanfiction.net/game/Genshin-Impact/?srt=3&r=10&len=10&p=1
[FFN] Waiting 15s — click through any interstitial now...
[FFN] Page 1 (40k-100k): scraped 25 fics — embedding now...
  Embedded batch 1/1
  [local] Saved 25 fics to local storage

[FFN] Fetching page 2 (40k-100k): https://www.fanfiction.net/game/Genshin-Impact/?srt=3&r=10&len=10&p=2
[FFN] Page 2 (40k-100k): scraped 25 fics — embedding now...
  Embedded batch 1/1
  [local] Saved 25 fics to local storage

[FFN] Fetching page 3 (40k-100k): https://www.fanfiction.net/game/Genshin-Impact/?srt=3&r=10&len=10&p=3
[FFN] Page 3 (40k-100k): scraped 25 fics — embedding now...
  Embedded batch 1/1
  [local] Saved 25 fics to local storage

[FFN] Fetching page 4 (40k-100k): https://www.fanfiction.net/game/Genshin-Impact/?srt=3&r=10&len=10&p=4
[FFN] Page 4 (40k-100k): scraped 25 fics — embedding now...
  Embedded batch 1/1
  [local] Saved 25 fics to local storage

[FFN] Fetching page 5 (40k-100k): https://www.fanfiction.net/game/Genshin-Impact/?srt=3&r=10&len=10&p=5
[FFN] Page 5 (40k-100k): scraped 25 fics — embedding now...
  Embedded batch 1/1
  [local] Saved 25 fics to local storage

[FFN] Fetching page 6 (40k-100k): https://www.fanfiction.net/game/Genshin-Impact/?srt=3&r=10&len=10&p=6
