[log] Writing full output to: D:\Fanfiction-Finder\backend\logs\indexer-20260418-202745-19372.log
[log] Started at 2026-04-18T20:27:45.031459
[log] argv: ['D:\\Fanfiction-Finder\\backend\\indexer.py', 'Genshin Impact', '--sources', 'ao3,ffn,wattpad', '--min-words', '10000', '--wattpad-quality', '2']
Database initialized.
[migrate] Embedding column already 768 dims — no migration needed.

==================================================
Indexing: Genshin Impact (min 10,000 words, sources=['ao3', 'ffn', 'wattpad'])
==================================================
[FFN] Resuming Genshin Impact at word_len=10 page=8

[FFN] Fetching page 8 (40k-100k): https://www.fanfiction.net/game/Genshin-Impact/?srt=3&r=10&len=10&p=8
[FFN] Waiting 15s — click through any interstitial now...
[FFN] Page 8 (40k-100k): scraped 25 fics — embedding now...
  Embedded batch 1/1
  [local] Saved 25 fics to local storage

[FFN] Fetching page 9 (40k-100k): https://www.fanfiction.net/game/Genshin-Impact/?srt=3&r=10&len=10&p=9
[FFN] Page 9 (40k-100k): scraped 25 fics — embedding now...
  Embedded batch 1/1
  [local] Saved 25 fics to local storage

[FFN] Fetching page 10 (40k-100k): https://www.fanfiction.net/game/Genshin-Impact/?srt=3&r=10&len=10&p=10
[FFN] Page 10 (40k-100k): scraped 25 fics — embedding now...
  Embedded batch 1/1
  [local] Saved 25 fics to local storage

[FFN] Fetching page 11 (40k-100k): https://www.fanfiction.net/game/Genshin-Impact/?srt=3&r=10&len=10&p=11
[FFN] Page 11 (40k-100k): scraped 25 fics — embedding now...
  Embedded batch 1/1
  [local] Saved 25 fics to local storage

[FFN] Fetching page 12 (40k-100k): https://www.fanfiction.net/game/Genshin-Impact/?srt=3&r=10&len=10&p=12
[FFN] Page 12 (40k-100k): scraped 25 fics — embedding now...
  Embedded batch 1/1
  [local] Saved 25 fics to local storage

[FFN] Fetching page 13 (40k-100k): https://www.fanfiction.net/game/Genshin-Impact/?srt=3&r=10&len=10&p=13
[FFN] Page 13 (40k-100k): scraped 25 fics — embedding now...
  Embedded batch 1/1
  [local] Saved 25 fics to local storage

[FFN] Fetching page 14 (40k-100k): https://www.fanfiction.net/game/Genshin-Impact/?srt=3&r=10&len=10&p=14
[FFN] Page 14 (40k-100k): scraped 25 fics — embedding now...
  Embedded batch 1/1
  [local] Saved 25 fics to local storage

[FFN] Fetching page 15 (40k-100k): https://www.fanfiction.net/game/Genshin-Impact/?srt=3&r=10&len=10&p=15
[FFN] Page 15 (40k-100k): scraped 25 fics — embedding now...
  Embedded batch 1/1
  [local] Saved 25 fics to local storage

[FFN] Fetching page 16 (40k-100k): https://www.fanfiction.net/game/Genshin-Impact/?srt=3&r=10&len=10&p=16
[FFN] Page 16 (40k-100k): scraped 25 fics — embedding now...
  Embedded batch 1/1
  [local] Saved 25 fics to local storage

[FFN] Fetching page 17 (40k-100k): https://www.fanfiction.net/game/Genshin-Impact/?srt=3&r=10&len=10&p=17
[FFN] Page 17 (40k-100k): scraped 25 fics — embedding now...
  Embedded batch 1/1
  [local] Saved 25 fics to local storage

[FFN] Fetching page 18 (40k-100k): https://www.fanfiction.net/game/Genshin-Impact/?srt=3&r=10&len=10&p=18
[FFN] Page 18 (40k-100k): scraped 25 fics — embedding now...
  Embedded batch 1/1
  [local] Saved 25 fics to local storage

[FFN] Fetching page 19 (40k-100k): https://www.fanfiction.net/game/Genshin-Impact/?srt=3&r=10&len=10&p=19
[FFN] Page 19 (40k-100k): scraped 25 fics — embedding now...
  Embedded batch 1/1
  [local] Saved 25 fics to local storage

[FFN] Fetching page 20 (40k-100k): https://www.fanfiction.net/game/Genshin-Impact/?srt=3&r=10&len=10&p=20
[FFN] Page 20 (40k-100k): scraped 25 fics — embedding now...
  Embedded batch 1/1
  [local] Saved 25 fics to local storage

[FFN] Fetching page 21 (40k-100k): https://www.fanfiction.net/game/Genshin-Impact/?srt=3&r=10&len=10&p=21
[FFN] Page 21 (40k-100k): scraped 25 fics — embedding now...
  Embedded batch 1/1
  [local] Saved 25 fics to local storage

[FFN] Fetching page 22 (40k-100k): https://www.fanfiction.net/game/Genshin-Impact/?srt=3&r=10&len=10&p=22
[FFN] Page 22 (40k-100k): scraped 25 fics — embedding now...
  Embedded batch 1/1
  [local] Saved 25 fics to local storage

[FFN] Fetching page 23 (40k-100k): https://www.fanfiction.net/game/Genshin-Impact/?srt=3&r=10&len=10&p=23
[FFN] Page 23 (40k-100k): scraped 25 fics — embedding now...
  Embedded batch 1/1
  [local] Saved 25 fics to local storage

[FFN] Fetching page 24 (40k-100k): https://www.fanfiction.net/game/Genshin-Impact/?srt=3&r=10&len=10&p=24
[FFN] Page 24 (40k-100k): scraped 25 fics — embedding now...
  Embedded batch 1/1
  [local] Saved 25 fics to local storage

[FFN] Fetching page 25 (40k-100k): https://www.fanfiction.net/game/Genshin-Impact/?srt=3&r=10&len=10&p=25
[FFN] Page 25 (40k-100k): scraped 25 fics — embedding now...
  Embedded batch 1/1
  [local] Saved 25 fics to local storage

[FFN] Fetching page 26 (40k-100k): https://www.fanfiction.net/game/Genshin-Impact/?srt=3&r=10&len=10&p=26
[FFN] Page 26 (40k-100k): scraped 22 fics — embedding now...
  Embedded batch 1/1
  [local] Saved 22 fics to local storage

[FFN] Fetching page 27 (40k-100k): https://www.fanfiction.net/game/Genshin-Impact/?srt=3&r=10&len=10&p=27
[FFN] Page 27 (40k-100k): no results — done

[FFN] Fetching page 1 (100k+): https://www.fanfiction.net/game/Genshin-Impact/?srt=3&r=10&len=20&p=1
[FFN] Page 1 (100k+): scraped 25 fics — embedding now...
  Embedded batch 1/1
  [local] Saved 25 fics to local storage

[FFN] Fetching page 2 (100k+): https://www.fanfiction.net/game/Genshin-Impact/?srt=3&r=10&len=20&p=2
[FFN] Page 2 (100k+): scraped 25 fics — embedding now...
  Embedded batch 1/1
  [local] Saved 25 fics to local storage

[FFN] Fetching page 3 (100k+): https://www.fanfiction.net/game/Genshin-Impact/?srt=3&r=10&len=20&p=3
