[log] Writing full output to: D:\Fanfiction-Finder\backend\logs\indexer-20260416-135016-27232.log
[log] Started at 2026-04-16T13:50:16.409826
[log] argv: ['D:\\Fanfiction-Finder\\backend\\indexer.py', 'Naruto', '--sources', 'ao3,ffn,wattpad', '--min-words', '10000']
Database initialized.
[migrate] Embedding column already 768 dims — no migration needed.

==================================================
Indexing: Naruto (min 10,000 words, sources=['ao3', 'ffn', 'wattpad'])
==================================================
[AO3] Resuming Naruto at page 6 (min_words=10,000)

[AO3] Fetching page 6: https://archiveofourown.org/works?commit=Sort+and+Filter&work_search%5Bsort_column%5D=kudos_count&work_search%5Bother_tag_names%5D=&work_search%5Bexcluded_tag_names%5D=&work_search%5Bcrossover%5D=&work_search%5Bcomplete%5D=&work_search%5Bwords_from%5D=10000&work_search%5Bwords_to%5D=&work_search%5Bdate_from%5D=&work_search%5Bdate_to%5D=&work_search%5Bquery%5D=&work_search%5Blanguage_id%5D=&page=6&tag_id=Naruto+(Anime+*a*+Manga)
[AO3] Waiting 15s — click through any interstitial now...
[AO3] Page 6: scraped 20 fics — embedding now...
  Embedded batch 1/1
  [local] Saved 20 fics to local storage

[AO3] Fetching page 7: https://archiveofourown.org/works?commit=Sort+and+Filter&work_search%5Bsort_column%5D=kudos_count&work_search%5Bother_tag_names%5D=&work_search%5Bexcluded_tag_names%5D=&work_search%5Bcrossover%5D=&work_search%5Bcomplete%5D=&work_search%5Bwords_from%5D=10000&work_search%5Bwords_to%5D=&work_search%5Bdate_from%5D=&work_search%5Bdate_to%5D=&work_search%5Bquery%5D=&work_search%5Blanguage_id%5D=&page=7&tag_id=Naruto+(Anime+*a*+Manga)
[AO3] Page 7: scraped 20 fics — embedding now...
  Embedded batch 1/1
  [local] Saved 20 fics to local storage

[AO3] Fetching page 8: https://archiveofourown.org/works?commit=Sort+and+Filter&work_search%5Bsort_column%5D=kudos_count&work_search%5Bother_tag_names%5D=&work_search%5Bexcluded_tag_names%5D=&work_search%5Bcrossover%5D=&work_search%5Bcomplete%5D=&work_search%5Bwords_from%5D=10000&work_search%5Bwords_to%5D=&work_search%5Bdate_from%5D=&work_search%5Bdate_to%5D=&work_search%5Bquery%5D=&work_search%5Blanguage_id%5D=&page=8&tag_id=Naruto+(Anime+*a*+Manga)
[AO3] Page 8: scraped 20 fics — embedding now...
  Embedded batch 1/1
  [local] Saved 20 fics to local storage

[AO3] Fetching page 9: https://archiveofourown.org/works?commit=Sort+and+Filter&work_search%5Bsort_column%5D=kudos_count&work_search%5Bother_tag_names%5D=&work_search%5Bexcluded_tag_names%5D=&work_search%5Bcrossover%5D=&work_search%5Bcomplete%5D=&work_search%5Bwords_from%5D=10000&work_search%5Bwords_to%5D=&work_search%5Bdate_from%5D=&work_search%5Bdate_to%5D=&work_search%5Bquery%5D=&work_search%5Blanguage_id%5D=&page=9&tag_id=Naruto+(Anime+*a*+Manga)
[AO3] Page 9: scraped 20 fics — embedding now...
  Embedded batch 1/1
  [local] Saved 20 fics to local storage

[AO3] Fetching page 10: https://archiveofourown.org/works?commit=Sort+and+Filter&work_search%5Bsort_column%5D=kudos_count&work_search%5Bother_tag_names%5D=&work_search%5Bexcluded_tag_names%5D=&work_search%5Bcrossover%5D=&work_search%5Bcomplete%5D=&work_search%5Bwords_from%5D=10000&work_search%5Bwords_to%5D=&work_search%5Bdate_from%5D=&work_search%5Bdate_to%5D=&work_search%5Bquery%5D=&work_search%5Blanguage_id%5D=&page=10&tag_id=Naruto+(Anime+*a*+Manga)
[AO3] Page 10: scraped 20 fics — embedding now...
  Embedded batch 1/1
  [local] Saved 20 fics to local storage

[AO3] Fetching page 11: https://archiveofourown.org/works?commit=Sort+and+Filter&work_search%5Bsort_column%5D=kudos_count&work_search%5Bother_tag_names%5D=&work_search%5Bexcluded_tag_names%5D=&work_search%5Bcrossover%5D=&work_search%5Bcomplete%5D=&work_search%5Bwords_from%5D=10000&work_search%5Bwords_to%5D=&work_search%5Bdate_from%5D=&work_search%5Bdate_to%5D=&work_search%5Bquery%5D=&work_search%5Blanguage_id%5D=&page=11&tag_id=Naruto+(Anime+*a*+Manga)
[AO3] Page 11: scraped 20 fics — embedding now...
  Embedded batch 1/1
  [local] Saved 20 fics to local storage

[AO3] Fetching page 12: https://archiveofourown.org/works?commit=Sort+and+Filter&work_search%5Bsort_column%5D=kudos_count&work_search%5Bother_tag_names%5D=&work_search%5Bexcluded_tag_names%5D=&work_search%5Bcrossover%5D=&work_search%5Bcomplete%5D=&work_search%5Bwords_from%5D=10000&work_search%5Bwords_to%5D=&work_search%5Bdate_from%5D=&work_search%5Bdate_to%5D=&work_search%5Bquery%5D=&work_search%5Blanguage_id%5D=&page=12&tag_id=Naruto+(Anime+*a*+Manga)
[AO3] Page 12: scraped 20 fics — embedding now...
  Embedded batch 1/1
  [local] Saved 20 fics to local storage

[AO3] Fetching page 13: https://archiveofourown.org/works?commit=Sort+and+Filter&work_search%5Bsort_column%5D=kudos_count&work_search%5Bother_tag_names%5D=&work_search%5Bexcluded_tag_names%5D=&work_search%5Bcrossover%5D=&work_search%5Bcomplete%5D=&work_search%5Bwords_from%5D=10000&work_search%5Bwords_to%5D=&work_search%5Bdate_from%5D=&work_search%5Bdate_to%5D=&work_search%5Bquery%5D=&work_search%5Blanguage_id%5D=&page=13&tag_id=Naruto+(Anime+*a*+Manga)
[AO3] Page 13: scraped 20 fics — embedding now...
  Embedded batch 1/1
  [local] Saved 20 fics to local storage

[AO3] Fetching page 14: https://archiveofourown.org/works?commit=Sort+and+Filter&work_search%5Bsort_column%5D=kudos_count&work_search%5Bother_tag_names%5D=&work_search%5Bexcluded_tag_names%5D=&work_search%5Bcrossover%5D=&work_search%5Bcomplete%5D=&work_search%5Bwords_from%5D=10000&work_search%5Bwords_to%5D=&work_search%5Bdate_from%5D=&work_search%5Bdate_to%5D=&work_search%5Bquery%5D=&work_search%5Blanguage_id%5D=&page=14&tag_id=Naruto+(Anime+*a*+Manga)
[AO3] Page 14: scraped 20 fics — embedding now...
  Embedded batch 1/1
  [local] Saved 20 fics to local storage

[AO3] Fetching page 15: https://archiveofourown.org/works?commit=Sort+and+Filter&work_search%5Bsort_column%5D=kudos_count&work_search%5Bother_tag_names%5D=&work_search%5Bexcluded_tag_names%5D=&work_search%5Bcrossover%5D=&work_search%5Bcomplete%5D=&work_search%5Bwords_from%5D=10000&work_search%5Bwords_to%5D=&work_search%5Bdate_from%5D=&work_search%5Bdate_to%5D=&work_search%5Bquery%5D=&work_search%5Blanguage_id%5D=&page=15&tag_id=Naruto+(Anime+*a*+Manga)
[AO3] Page 15: scraped 20 fics — embedding now...
  Embedded batch 1/1
  [local] Saved 20 fics to local storage

[AO3] Fetching page 16: https://archiveofourown.org/works?commit=Sort+and+Filter&work_search%5Bsort_column%5D=kudos_count&work_search%5Bother_tag_names%5D=&work_search%5Bexcluded_tag_names%5D=&work_search%5Bcrossover%5D=&work_search%5Bcomplete%5D=&work_search%5Bwords_from%5D=10000&work_search%5Bwords_to%5D=&work_search%5Bdate_from%5D=&work_search%5Bdate_to%5D=&work_search%5Bquery%5D=&work_search%5Blanguage_id%5D=&page=16&tag_id=Naruto+(Anime+*a*+Manga)
[AO3] Page 16: scraped 20 fics — embedding now...
  Embedded batch 1/1
  [local] Saved 20 fics to local storage

[AO3] Fetching page 17: https://archiveofourown.org/works?commit=Sort+and+Filter&work_search%5Bsort_column%5D=kudos_count&work_search%5Bother_tag_names%5D=&work_search%5Bexcluded_tag_names%5D=&work_search%5Bcrossover%5D=&work_search%5Bcomplete%5D=&work_search%5Bwords_from%5D=10000&work_search%5Bwords_to%5D=&work_search%5Bdate_from%5D=&work_search%5Bdate_to%5D=&work_search%5Bquery%5D=&work_search%5Blanguage_id%5D=&page=17&tag_id=Naruto+(Anime+*a*+Manga)
[AO3] Page 17: scraped 20 fics — embedding now...
  Embedded batch 1/1
  [local] Saved 20 fics to local storage

[AO3] Fetching page 18: https://archiveofourown.org/works?commit=Sort+and+Filter&work_search%5Bsort_column%5D=kudos_count&work_search%5Bother_tag_names%5D=&work_search%5Bexcluded_tag_names%5D=&work_search%5Bcrossover%5D=&work_search%5Bcomplete%5D=&work_search%5Bwords_from%5D=10000&work_search%5Bwords_to%5D=&work_search%5Bdate_from%5D=&work_search%5Bdate_to%5D=&work_search%5Bquery%5D=&work_search%5Blanguage_id%5D=&page=18&tag_id=Naruto+(Anime+*a*+Manga)
[AO3] Page 18: scraped 20 fics — embedding now...
  Embedded batch 1/1
  [local] Saved 20 fics to local storage

[AO3] Fetching page 19: https://archiveofourown.org/works?commit=Sort+and+Filter&work_search%5Bsort_column%5D=kudos_count&work_search%5Bother_tag_names%5D=&work_search%5Bexcluded_tag_names%5D=&work_search%5Bcrossover%5D=&work_search%5Bcomplete%5D=&work_search%5Bwords_from%5D=10000&work_search%5Bwords_to%5D=&work_search%5Bdate_from%5D=&work_search%5Bdate_to%5D=&work_search%5Bquery%5D=&work_search%5Blanguage_id%5D=&page=19&tag_id=Naruto+(Anime+*a*+Manga)
[AO3] Page 19: scraped 20 fics — embedding now...
  Embedded batch 1/1
  [local] Saved 20 fics to local storage

[AO3] Fetching page 20: https://archiveofourown.org/works?commit=Sort+and+Filter&work_search%5Bsort_column%5D=kudos_count&work_search%5Bother_tag_names%5D=&work_search%5Bexcluded_tag_names%5D=&work_search%5Bcrossover%5D=&work_search%5Bcomplete%5D=&work_search%5Bwords_from%5D=10000&work_search%5Bwords_to%5D=&work_search%5Bdate_from%5D=&work_search%5Bdate_to%5D=&work_search%5Bquery%5D=&work_search%5Blanguage_id%5D=&page=20&tag_id=Naruto+(Anime+*a*+Manga)
[AO3] Page 20: scraped 20 fics — embedding now...
  Embedded batch 1/1
  [local] Saved 20 fics to local storage

[AO3] Fetching page 21: https://archiveofourown.org/works?commit=Sort+and+Filter&work_search%5Bsort_column%5D=kudos_count&work_search%5Bother_tag_names%5D=&work_search%5Bexcluded_tag_names%5D=&work_search%5Bcrossover%5D=&work_search%5Bcomplete%5D=&work_search%5Bwords_from%5D=10000&work_search%5Bwords_to%5D=&work_search%5Bdate_from%5D=&work_search%5Bdate_to%5D=&work_search%5Bquery%5D=&work_search%5Blanguage_id%5D=&page=21&tag_id=Naruto+(Anime+*a*+Manga)
[AO3] Page 21: scraped 20 fics — embedding now...
  Embedded batch 1/1
  [local] Saved 20 fics to local storage

[AO3] Fetching page 22: https://archiveofourown.org/works?commit=Sort+and+Filter&work_search%5Bsort_column%5D=kudos_count&work_search%5Bother_tag_names%5D=&work_search%5Bexcluded_tag_names%5D=&work_search%5Bcrossover%5D=&work_search%5Bcomplete%5D=&work_search%5Bwords_from%5D=10000&work_search%5Bwords_to%5D=&work_search%5Bdate_from%5D=&work_search%5Bdate_to%5D=&work_search%5Bquery%5D=&work_search%5Blanguage_id%5D=&page=22&tag_id=Naruto+(Anime+*a*+Manga)
[AO3] Page 22: scraped 20 fics — embedding now...
  Embedded batch 1/1
  [local] Saved 20 fics to local storage

[AO3] Fetching page 23: https://archiveofourown.org/works?commit=Sort+and+Filter&work_search%5Bsort_column%5D=kudos_count&work_search%5Bother_tag_names%5D=&work_search%5Bexcluded_tag_names%5D=&work_search%5Bcrossover%5D=&work_search%5Bcomplete%5D=&work_search%5Bwords_from%5D=10000&work_search%5Bwords_to%5D=&work_search%5Bdate_from%5D=&work_search%5Bdate_to%5D=&work_search%5Bquery%5D=&work_search%5Blanguage_id%5D=&page=23&tag_id=Naruto+(Anime+*a*+Manga)
[AO3] Page 23: scraped 20 fics — embedding now...
  Embedded batch 1/1
  [local] Saved 20 fics to local storage

[AO3] Fetching page 24: https://archiveofourown.org/works?commit=Sort+and+Filter&work_search%5Bsort_column%5D=kudos_count&work_search%5Bother_tag_names%5D=&work_search%5Bexcluded_tag_names%5D=&work_search%5Bcrossover%5D=&work_search%5Bcomplete%5D=&work_search%5Bwords_from%5D=10000&work_search%5Bwords_to%5D=&work_search%5Bdate_from%5D=&work_search%5Bdate_to%5D=&work_search%5Bquery%5D=&work_search%5Blanguage_id%5D=&page=24&tag_id=Naruto+(Anime+*a*+Manga)
[AO3] Page 24: scraped 20 fics — embedding now...
  Embedded batch 1/1
  [local] Saved 20 fics to local storage

[AO3] Fetching page 25: https://archiveofourown.org/works?commit=Sort+and+Filter&work_search%5Bsort_column%5D=kudos_count&work_search%5Bother_tag_names%5D=&work_search%5Bexcluded_tag_names%5D=&work_search%5Bcrossover%5D=&work_search%5Bcomplete%5D=&work_search%5Bwords_from%5D=10000&work_search%5Bwords_to%5D=&work_search%5Bdate_from%5D=&work_search%5Bdate_to%5D=&work_search%5Bquery%5D=&work_search%5Blanguage_id%5D=&page=25&tag_id=Naruto+(Anime+*a*+Manga)
[AO3] Page 25: scraped 20 fics — embedding now...
  Embedded batch 1/1
  [local] Saved 20 fics to local storage

[AO3] Fetching page 26: https://archiveofourown.org/works?commit=Sort+and+Filter&work_search%5Bsort_column%5D=kudos_count&work_search%5Bother_tag_names%5D=&work_search%5Bexcluded_tag_names%5D=&work_search%5Bcrossover%5D=&work_search%5Bcomplete%5D=&work_search%5Bwords_from%5D=10000&work_search%5Bwords_to%5D=&work_search%5Bdate_from%5D=&work_search%5Bdate_to%5D=&work_search%5Bquery%5D=&work_search%5Blanguage_id%5D=&page=26&tag_id=Naruto+(Anime+*a*+Manga)
[AO3] Page 26: scraped 20 fics — embedding now...
  Embedded batch 1/1
  [local] Saved 20 fics to local storage

[AO3] Fetching page 27: https://archiveofourown.org/works?commit=Sort+and+Filter&work_search%5Bsort_column%5D=kudos_count&work_search%5Bother_tag_names%5D=&work_search%5Bexcluded_tag_names%5D=&work_search%5Bcrossover%5D=&work_search%5Bcomplete%5D=&work_search%5Bwords_from%5D=10000&work_search%5Bwords_to%5D=&work_search%5Bdate_from%5D=&work_search%5Bdate_to%5D=&work_search%5Bquery%5D=&work_search%5Blanguage_id%5D=&page=27&tag_id=Naruto+(Anime+*a*+Manga)
[AO3] Page 27: scraped 20 fics — embedding now...
  Embedded batch 1/1
  [local] Saved 20 fics to local storage

[AO3] Fetching page 28: https://archiveofourown.org/works?commit=Sort+and+Filter&work_search%5Bsort_column%5D=kudos_count&work_search%5Bother_tag_names%5D=&work_search%5Bexcluded_tag_names%5D=&work_search%5Bcrossover%5D=&work_search%5Bcomplete%5D=&work_search%5Bwords_from%5D=10000&work_search%5Bwords_to%5D=&work_search%5Bdate_from%5D=&work_search%5Bdate_to%5D=&work_search%5Bquery%5D=&work_search%5Blanguage_id%5D=&page=28&tag_id=Naruto+(Anime+*a*+Manga)
[AO3] Page 28: scraped 20 fics — embedding now...
  Embedded batch 1/1
  [local] Saved 20 fics to local storage

[AO3] Fetching page 29: https://archiveofourown.org/works?commit=Sort+and+Filter&work_search%5Bsort_column%5D=kudos_count&work_search%5Bother_tag_names%5D=&work_search%5Bexcluded_tag_names%5D=&work_search%5Bcrossover%5D=&work_search%5Bcomplete%5D=&work_search%5Bwords_from%5D=10000&work_search%5Bwords_to%5D=&work_search%5Bdate_from%5D=&work_search%5Bdate_to%5D=&work_search%5Bquery%5D=&work_search%5Blanguage_id%5D=&page=29&tag_id=Naruto+(Anime+*a*+Manga)
[AO3] Page 29: scraped 20 fics — embedding now...
  Embedded batch 1/1
  [local] Saved 20 fics to local storage

[AO3] Fetching page 30: https://archiveofourown.org/works?commit=Sort+and+Filter&work_search%5Bsort_column%5D=kudos_count&work_search%5Bother_tag_names%5D=&work_search%5Bexcluded_tag_names%5D=&work_search%5Bcrossover%5D=&work_search%5Bcomplete%5D=&work_search%5Bwords_from%5D=10000&work_search%5Bwords_to%5D=&work_search%5Bdate_from%5D=&work_search%5Bdate_to%5D=&work_search%5Bquery%5D=&work_search%5Blanguage_id%5D=&page=30&tag_id=Naruto+(Anime+*a*+Manga)
[AO3] Page 30: scraped 20 fics — embedding now...
  Embedded batch 1/1
  [local] Saved 20 fics to local storage
[browser] cycling after 25 pages to free memory...

[AO3] Fetching page 31: https://archiveofourown.org/works?commit=Sort+and+Filter&work_search%5Bsort_column%5D=kudos_count&work_search%5Bother_tag_names%5D=&work_search%5Bexcluded_tag_names%5D=&work_search%5Bcrossover%5D=&work_search%5Bcomplete%5D=&work_search%5Bwords_from%5D=10000&work_search%5Bwords_to%5D=&work_search%5Bdate_from%5D=&work_search%5Bdate_to%5D=&work_search%5Bquery%5D=&work_search%5Blanguage_id%5D=&page=31&tag_id=Naruto+(Anime+*a*+Manga)
[AO3] Waiting 15s — click through any interstitial now...
[AO3] Page 31: scraped 20 fics — embedding now...
  Embedded batch 1/1
  [local] Saved 20 fics to local storage

[AO3] Fetching page 32: https://archiveofourown.org/works?commit=Sort+and+Filter&work_search%5Bsort_column%5D=kudos_count&work_search%5Bother_tag_names%5D=&work_search%5Bexcluded_tag_names%5D=&work_search%5Bcrossover%5D=&work_search%5Bcomplete%5D=&work_search%5Bwords_from%5D=10000&work_search%5Bwords_to%5D=&work_search%5Bdate_from%5D=&work_search%5Bdate_to%5D=&work_search%5Bquery%5D=&work_search%5Blanguage_id%5D=&page=32&tag_id=Naruto+(Anime+*a*+Manga)
[AO3] Page 32: scraped 20 fics — embedding now...
  Embedded batch 1/1
  [local] Saved 20 fics to local storage

[AO3] Fetching page 33: https://archiveofourown.org/works?commit=Sort+and+Filter&work_search%5Bsort_column%5D=kudos_count&work_search%5Bother_tag_names%5D=&work_search%5Bexcluded_tag_names%5D=&work_search%5Bcrossover%5D=&work_search%5Bcomplete%5D=&work_search%5Bwords_from%5D=10000&work_search%5Bwords_to%5D=&work_search%5Bdate_from%5D=&work_search%5Bdate_to%5D=&work_search%5Bquery%5D=&work_search%5Blanguage_id%5D=&page=33&tag_id=Naruto+(Anime+*a*+Manga)
[AO3] Page 33: scraped 20 fics — embedding now...
  Embedded batch 1/1
  [local] Saved 20 fics to local storage

[AO3] Fetching page 34: https://archiveofourown.org/works?commit=Sort+and+Filter&work_search%5Bsort_column%5D=kudos_count&work_search%5Bother_tag_names%5D=&work_search%5Bexcluded_tag_names%5D=&work_search%5Bcrossover%5D=&work_search%5Bcomplete%5D=&work_search%5Bwords_from%5D=10000&work_search%5Bwords_to%5D=&work_search%5Bdate_from%5D=&work_search%5Bdate_to%5D=&work_search%5Bquery%5D=&work_search%5Blanguage_id%5D=&page=34&tag_id=Naruto+(Anime+*a*+Manga)
[AO3] Page 34: scraped 20 fics — embedding now...
  Embedded batch 1/1
  [local] Saved 20 fics to local storage

[AO3] Fetching page 35: https://archiveofourown.org/works?commit=Sort+and+Filter&work_search%5Bsort_column%5D=kudos_count&work_search%5Bother_tag_names%5D=&work_search%5Bexcluded_tag_names%5D=&work_search%5Bcrossover%5D=&work_search%5Bcomplete%5D=&work_search%5Bwords_from%5D=10000&work_search%5Bwords_to%5D=&work_search%5Bdate_from%5D=&work_search%5Bdate_to%5D=&work_search%5Bquery%5D=&work_search%5Blanguage_id%5D=&page=35&tag_id=Naruto+(Anime+*a*+Manga)
[AO3] Page 35: scraped 20 fics — embedding now...
  Embedded batch 1/1
  [local] Saved 20 fics to local storage

[AO3] Fetching page 36: https://archiveofourown.org/works?commit=Sort+and+Filter&work_search%5Bsort_column%5D=kudos_count&work_search%5Bother_tag_names%5D=&work_search%5Bexcluded_tag_names%5D=&work_search%5Bcrossover%5D=&work_search%5Bcomplete%5D=&work_search%5Bwords_from%5D=10000&work_search%5Bwords_to%5D=&work_search%5Bdate_from%5D=&work_search%5Bdate_to%5D=&work_search%5Bquery%5D=&work_search%5Blanguage_id%5D=&page=36&tag_id=Naruto+(Anime+*a*+Manga)
[AO3] Page 36: scraped 20 fics — embedding now...
  Embedded batch 1/1
  [local] Saved 20 fics to local storage

[AO3] Fetching page 37: https://archiveofourown.org/works?commit=Sort+and+Filter&work_search%5Bsort_column%5D=kudos_count&work_search%5Bother_tag_names%5D=&work_search%5Bexcluded_tag_names%5D=&work_search%5Bcrossover%5D=&work_search%5Bcomplete%5D=&work_search%5Bwords_from%5D=10000&work_search%5Bwords_to%5D=&work_search%5Bdate_from%5D=&work_search%5Bdate_to%5D=&work_search%5Bquery%5D=&work_search%5Blanguage_id%5D=&page=37&tag_id=Naruto+(Anime+*a*+Manga)
[AO3] Page 37: scraped 20 fics — embedding now...
  Embedded batch 1/1
  [local] Saved 20 fics to local storage

[AO3] Fetching page 38: https://archiveofourown.org/works?commit=Sort+and+Filter&work_search%5Bsort_column%5D=kudos_count&work_search%5Bother_tag_names%5D=&work_search%5Bexcluded_tag_names%5D=&work_search%5Bcrossover%5D=&work_search%5Bcomplete%5D=&work_search%5Bwords_from%5D=10000&work_search%5Bwords_to%5D=&work_search%5Bdate_from%5D=&work_search%5Bdate_to%5D=&work_search%5Bquery%5D=&work_search%5Blanguage_id%5D=&page=38&tag_id=Naruto+(Anime+*a*+Manga)
[AO3] Page 38: scraped 20 fics — embedding now...
  Embedded batch 1/1
  [local] Saved 20 fics to local storage

[AO3] Fetching page 39: https://archiveofourown.org/works?commit=Sort+and+Filter&work_search%5Bsort_column%5D=kudos_count&work_search%5Bother_tag_names%5D=&work_search%5Bexcluded_tag_names%5D=&work_search%5Bcrossover%5D=&work_search%5Bcomplete%5D=&work_search%5Bwords_from%5D=10000&work_search%5Bwords_to%5D=&work_search%5Bdate_from%5D=&work_search%5Bdate_to%5D=&work_search%5Bquery%5D=&work_search%5Blanguage_id%5D=&page=39&tag_id=Naruto+(Anime+*a*+Manga)
[AO3] Page 39: scraped 20 fics — embedding now...
  Embedded batch 1/1
  [local] Saved 20 fics to local storage

[AO3] Fetching page 40: https://archiveofourown.org/works?commit=Sort+and+Filter&work_search%5Bsort_column%5D=kudos_count&work_search%5Bother_tag_names%5D=&work_search%5Bexcluded_tag_names%5D=&work_search%5Bcrossover%5D=&work_search%5Bcomplete%5D=&work_search%5Bwords_from%5D=10000&work_search%5Bwords_to%5D=&work_search%5Bdate_from%5D=&work_search%5Bdate_to%5D=&work_search%5Bquery%5D=&work_search%5Blanguage_id%5D=&page=40&tag_id=Naruto+(Anime+*a*+Manga)
[AO3] Page 40: scraped 20 fics — embedding now...
  Embedded batch 1/1
  [local] Saved 20 fics to local storage

[AO3] Fetching page 41: https://archiveofourown.org/works?commit=Sort+and+Filter&work_search%5Bsort_column%5D=kudos_count&work_search%5Bother_tag_names%5D=&work_search%5Bexcluded_tag_names%5D=&work_search%5Bcrossover%5D=&work_search%5Bcomplete%5D=&work_search%5Bwords_from%5D=10000&work_search%5Bwords_to%5D=&work_search%5Bdate_from%5D=&work_search%5Bdate_to%5D=&work_search%5Bquery%5D=&work_search%5Blanguage_id%5D=&page=41&tag_id=Naruto+(Anime+*a*+Manga)
[AO3] Page 41: scraped 20 fics — embedding now...
  Embedded batch 1/1
  [local] Saved 20 fics to local storage

[AO3] Fetching page 42: https://archiveofourown.org/works?commit=Sort+and+Filter&work_search%5Bsort_column%5D=kudos_count&work_search%5Bother_tag_names%5D=&work_search%5Bexcluded_tag_names%5D=&work_search%5Bcrossover%5D=&work_search%5Bcomplete%5D=&work_search%5Bwords_from%5D=10000&work_search%5Bwords_to%5D=&work_search%5Bdate_from%5D=&work_search%5Bdate_to%5D=&work_search%5Bquery%5D=&work_search%5Blanguage_id%5D=&page=42&tag_id=Naruto+(Anime+*a*+Manga)
[AO3] Page 42: scraped 20 fics — embedding now...
  Embedded batch 1/1
  [local] Saved 20 fics to local storage

[AO3] Fetching page 43: https://archiveofourown.org/works?commit=Sort+and+Filter&work_search%5Bsort_column%5D=kudos_count&work_search%5Bother_tag_names%5D=&work_search%5Bexcluded_tag_names%5D=&work_search%5Bcrossover%5D=&work_search%5Bcomplete%5D=&work_search%5Bwords_from%5D=10000&work_search%5Bwords_to%5D=&work_search%5Bdate_from%5D=&work_search%5Bdate_to%5D=&work_search%5Bquery%5D=&work_search%5Blanguage_id%5D=&page=43&tag_id=Naruto+(Anime+*a*+Manga)
[AO3] Page 43: scraped 20 fics — embedding now...
  Embedded batch 1/1
  [local] Saved 20 fics to local storage

[AO3] Fetching page 44: https://archiveofourown.org/works?commit=Sort+and+Filter&work_search%5Bsort_column%5D=kudos_count&work_search%5Bother_tag_names%5D=&work_search%5Bexcluded_tag_names%5D=&work_search%5Bcrossover%5D=&work_search%5Bcomplete%5D=&work_search%5Bwords_from%5D=10000&work_search%5Bwords_to%5D=&work_search%5Bdate_from%5D=&work_search%5Bdate_to%5D=&work_search%5Bquery%5D=&work_search%5Blanguage_id%5D=&page=44&tag_id=Naruto+(Anime+*a*+Manga)
[AO3] Page 44: scraped 20 fics — embedding now...
  Embedded batch 1/1
  [local] Saved 20 fics to local storage

[AO3] Fetching page 45: https://archiveofourown.org/works?commit=Sort+and+Filter&work_search%5Bsort_column%5D=kudos_count&work_search%5Bother_tag_names%5D=&work_search%5Bexcluded_tag_names%5D=&work_search%5Bcrossover%5D=&work_search%5Bcomplete%5D=&work_search%5Bwords_from%5D=10000&work_search%5Bwords_to%5D=&work_search%5Bdate_from%5D=&work_search%5Bdate_to%5D=&work_search%5Bquery%5D=&work_search%5Blanguage_id%5D=&page=45&tag_id=Naruto+(Anime+*a*+Manga)
[AO3] Page 45: scraped 20 fics — embedding now...
  Embedded batch 1/1
  [local] Saved 20 fics to local storage

[AO3] Fetching page 46: https://archiveofourown.org/works?commit=Sort+and+Filter&work_search%5Bsort_column%5D=kudos_count&work_search%5Bother_tag_names%5D=&work_search%5Bexcluded_tag_names%5D=&work_search%5Bcrossover%5D=&work_search%5Bcomplete%5D=&work_search%5Bwords_from%5D=10000&work_search%5Bwords_to%5D=&work_search%5Bdate_from%5D=&work_search%5Bdate_to%5D=&work_search%5Bquery%5D=&work_search%5Blanguage_id%5D=&page=46&tag_id=Naruto+(Anime+*a*+Manga)
[AO3] Page 46: scraped 20 fics — embedding now...
  Embedded batch 1/1
  [local] Saved 20 fics to local storage

[AO3] Fetching page 47: https://archiveofourown.org/works?commit=Sort+and+Filter&work_search%5Bsort_column%5D=kudos_count&work_search%5Bother_tag_names%5D=&work_search%5Bexcluded_tag_names%5D=&work_search%5Bcrossover%5D=&work_search%5Bcomplete%5D=&work_search%5Bwords_from%5D=10000&work_search%5Bwords_to%5D=&work_search%5Bdate_from%5D=&work_search%5Bdate_to%5D=&work_search%5Bquery%5D=&work_search%5Blanguage_id%5D=&page=47&tag_id=Naruto+(Anime+*a*+Manga)
[AO3] Page 47: scraped 20 fics — embedding now...
  Embedded batch 1/1
  [local] Saved 20 fics to local storage

[AO3] Fetching page 48: https://archiveofourown.org/works?commit=Sort+and+Filter&work_search%5Bsort_column%5D=kudos_count&work_search%5Bother_tag_names%5D=&work_search%5Bexcluded_tag_names%5D=&work_search%5Bcrossover%5D=&work_search%5Bcomplete%5D=&work_search%5Bwords_from%5D=10000&work_search%5Bwords_to%5D=&work_search%5Bdate_from%5D=&work_search%5Bdate_to%5D=&work_search%5Bquery%5D=&work_search%5Blanguage_id%5D=&page=48&tag_id=Naruto+(Anime+*a*+Manga)
[AO3] Page 48: scraped 20 fics — embedding now...
  Embedded batch 1/1
  [local] Saved 20 fics to local storage

[AO3] Fetching page 49: https://archiveofourown.org/works?commit=Sort+and+Filter&work_search%5Bsort_column%5D=kudos_count&work_search%5Bother_tag_names%5D=&work_search%5Bexcluded_tag_names%5D=&work_search%5Bcrossover%5D=&work_search%5Bcomplete%5D=&work_search%5Bwords_from%5D=10000&work_search%5Bwords_to%5D=&work_search%5Bdate_from%5D=&work_search%5Bdate_to%5D=&work_search%5Bquery%5D=&work_search%5Blanguage_id%5D=&page=49&tag_id=Naruto+(Anime+*a*+Manga)
[AO3] Page 49: scraped 20 fics — embedding now...
  Embedded batch 1/1
  [local] Saved 20 fics to local storage

[AO3] Fetching page 50: https://archiveofourown.org/works?commit=Sort+and+Filter&work_search%5Bsort_column%5D=kudos_count&work_search%5Bother_tag_names%5D=&work_search%5Bexcluded_tag_names%5D=&work_search%5Bcrossover%5D=&work_search%5Bcomplete%5D=&work_search%5Bwords_from%5D=10000&work_search%5Bwords_to%5D=&work_search%5Bdate_from%5D=&work_search%5Bdate_to%5D=&work_search%5Bquery%5D=&work_search%5Blanguage_id%5D=&page=50&tag_id=Naruto+(Anime+*a*+Manga)
